[{"line":1,"elements":[{"start_timestamp":"2025-01-23T14:33:13.174Z","before":[{"result":{"duration":52532634000,"status":"passed"},"match":{"location":"test.eq.hooks.Hooks.beforeScenario(io.cucumber.java.Scenario)"}}],"line":12,"name":"Breaker guesses a word","description":"","id":"eq;breaker-guesses-a-word;;2","after":[{"result":{"duration":643291000,"status":"passed"},"match":{"location":"test.eq.hooks.Hooks.afterScenario(io.cucumber.java.Scenario)"}}],"type":"scenario","keyword":"Scenario Outline","steps":[{"result":{"duration":29810768000,"status":"passed"},"before":[{"result":{"duration":5078000,"status":"passed"},"match":{"location":"test.eq.hooks.Hooks.beforeStep()"}}],"line":5,"name":"the Maker has chosen a word","match":{"location":"test.eq.steps_definition.EQSteps.the_maker_has_chosen_a_word(io.cucumber.datatable.DataTable)"},"after":[{"result":{"duration":314000,"status":"passed"},"match":{"location":"test.eq.hooks.Hooks.afterStep()"}}],"rows":[{"cells":["url"]},{"cells":["https://opensource-demo.orangehrmlive.com/web/index.php/auth/login"]}],"keyword":"Given "},{"result":{"duration":151000,"status":"passed"},"before":[{"result":{"duration":1231000,"status":"passed"},"match":{"location":"test.eq.hooks.Hooks.beforeStep()"}}],"line":8,"name":"the Breaker makes a guess","match":{"location":"test.eq.steps_definition.EQSteps.the_breaker_makes_a_guess()"},"after":[{"result":{"duration":130000,"status":"passed"},"match":{"location":"test.eq.hooks.Hooks.afterStep()"}}],"keyword":"When "},{"result":{"error_message":"org.openqa.selenium.TimeoutException: Expected condition failed: waiting for test.eq.test.OrangeLogin$$Lambda$1151/0x00000007016f16a0@3c319df (tried for 20 second(s) with 500 milliseconds interval)\n\tat org.openqa.selenium.support.ui.WebDriverWait.timeoutException(WebDriverWait.java:84)\n\tat org.openqa.selenium.support.ui.FluentWait.until(FluentWait.java:228)\n\tat test.eq.test.OrangeLogin.welcome(OrangeLogin.java:23)\n\tat test.eq.steps_definition.EQSteps.the_maker_is_asked_to_score(EQSteps.java:62)\n\tat âœ½.the Maker is asked to score \"Admin\" and \"admin123\"(file:///Users/srinivasangovindaraj/IdeaProjects/FW/EQOneFW/src/test/java/test/eq/scenarios/EQ.feature:9)\nCaused by: org.openqa.selenium.NoSuchElementException: no such element: Unable to locate element: {\"method\":\"xpath\",\"selector\":\"//h6[text()='Dashboard']\"}\n  (Session info: chrome=124.0.6367.219)\nFor documentation on this error, please visit: https://www.selenium.dev/documentation/webdriver/troubleshooting/errors#no-such-element-exception\nBuild info: version: '4.27.0', revision: 'd6e718d134'\nSystem info: os.name: 'Mac OS X', os.arch: 'aarch64', os.version: '15.2', java.version: '17.0.13'\nDriver info: io.appium.java_client.android.AndroidDriver\nCommand: [c00f4b52-9e1e-4019-931a-a213cff2c429, findElement {value=//h6[text()='Dashboard'], using=xpath}]\nCapabilities {appium:automationName: UiAutomator2, appium:databaseEnabled: false, appium:desired: {appActivity: com.android.chrome/com.goog..., appPackage: com.android.chrome, automationName: UiAutomator2, browserName: Chrome, deviceName: emulator-5554, newCommandTimeout: 0, platformName: ANDROID}, appium:deviceApiLevel: 35, appium:deviceManufacturer: Google, appium:deviceModel: sdk_gphone64_arm64, appium:deviceName: emulator-5554, appium:deviceScreenDensity: 420, appium:deviceScreenSize: 1080x2424, appium:deviceUDID: emulator-5554, appium:javascriptEnabled: true, appium:locationContextEnabled: false, appium:networkConnectionEnabled: true, appium:newCommandTimeout: 0, appium:pixelRatio: 2.625, appium:platformVersion: 15, appium:statBarHeight: 137, appium:takesScreenshot: true, appium:viewportRect: {height: 2287, left: 0, top: 137, width: 1080}, appium:warnings: {}, appium:webStorageEnabled: false, browserName: Chrome, platformName: ANDROID}\nSession ID: c00f4b52-9e1e-4019-931a-a213cff2c429\n\tat jdk.internal.reflect.GeneratedConstructorAccessor29.newInstance(Unknown Source)\n\tat java.base/jdk.internal.reflect.DelegatingConstructorAccessorImpl.newInstance(DelegatingConstructorAccessorImpl.java:45)\n\tat java.base/java.lang.reflect.Constructor.newInstanceWithCaller(Constructor.java:500)\n\tat java.base/java.lang.reflect.Constructor.newInstance(Constructor.java:481)\n\tat org.openqa.selenium.remote.ErrorCodec.decode(ErrorCodec.java:167)\n\tat org.openqa.selenium.remote.codec.w3c.W3CHttpResponseCodec.decode(W3CHttpResponseCodec.java:138)\n\tat org.openqa.selenium.remote.codec.w3c.W3CHttpResponseCodec.decode(W3CHttpResponseCodec.java:50)\n\tat org.openqa.selenium.remote.HttpCommandExecutor.execute(HttpCommandExecutor.java:190)\n\tat io.appium.java_client.remote.AppiumCommandExecutor.execute(AppiumCommandExecutor.java:237)\n\tat org.openqa.selenium.remote.RemoteWebDriver.execute(RemoteWebDriver.java:545)\n\tat org.openqa.selenium.remote.ElementLocation$ElementFinder$2.findElement(ElementLocation.java:165)\n\tat org.openqa.selenium.remote.ElementLocation.findElement(ElementLocation.java:59)\n\tat org.openqa.selenium.remote.RemoteWebDriver.findElement(RemoteWebDriver.java:368)\n\tat org.openqa.selenium.remote.RemoteWebDriver.findElement(RemoteWebDriver.java:362)\n\tat test.eq.test.OrangeLogin.lambda$welcome$0(OrangeLogin.java:23)\n\tat org.openqa.selenium.support.ui.FluentWait.until(FluentWait.java:203)\n\tat test.eq.test.OrangeLogin.welcome(OrangeLogin.java:23)\n\tat test.eq.steps_definition.EQSteps.the_maker_is_asked_to_score(EQSteps.java:62)\n\tat java.base/jdk.internal.reflect.NativeMethodAccessorImpl.invoke0(Native Method)\n\tat java.base/jdk.internal.reflect.NativeMethodAccessorImpl.invoke(NativeMethodAccessorImpl.java:77)\n\tat java.base/jdk.internal.reflect.DelegatingMethodAccessorImpl.invoke(DelegatingMethodAccessorImpl.java:43)\n\tat java.base/java.lang.reflect.Method.invoke(Method.java:569)\n\tat io.cucumber.java.Invoker.doInvoke(Invoker.java:66)\n\tat io.cucumber.java.Invoker.invoke(Invoker.java:24)\n\tat io.cucumber.java.AbstractGlueDefinition.invokeMethod(AbstractGlueDefinition.java:47)\n\tat io.cucumber.java.JavaStepDefinition.execute(JavaStepDefinition.java:29)\n\tat io.cucumber.core.runner.CoreStepDefinition.execute(CoreStepDefinition.java:66)\n\tat io.cucumber.core.runner.PickleStepDefinitionMatch.runStep(PickleStepDefinitionMatch.java:62)\n\tat io.cucumber.core.runner.ExecutionMode$1.execute(ExecutionMode.java:10)\n\tat io.cucumber.core.runner.TestStep.executeStep(TestStep.java:81)\n\tat io.cucumber.core.runner.TestStep.run(TestStep.java:53)\n\tat io.cucumber.core.runner.PickleStepTestStep.run(PickleStepTestStep.java:51)\n\tat io.cucumber.core.runner.TestCase.run(TestCase.java:84)\n\tat io.cucumber.core.runner.Runner.runPickle(Runner.java:75)\n\tat io.cucumber.testng.TestNGCucumberRunner.lambda$runScenario$1(TestNGCucumberRunner.java:135)\n\tat io.cucumber.core.runtime.CucumberExecutionContext.lambda$runTestCase$5(CucumberExecutionContext.java:136)\n\tat io.cucumber.core.runtime.RethrowingThrowableCollector.executeAndThrow(RethrowingThrowableCollector.java:23)\n\tat io.cucumber.core.runtime.CucumberExecutionContext.runTestCase(CucumberExecutionContext.java:136)\n\tat io.cucumber.testng.TestNGCucumberRunner.runScenario(TestNGCucumberRunner.java:132)\n\tat io.cucumber.testng.AbstractTestNGCucumberTests.runScenario(AbstractTestNGCucumberTests.java:35)\n\tat java.base/jdk.internal.reflect.NativeMethodAccessorImpl.invoke0(Native Method)\n\tat java.base/jdk.internal.reflect.NativeMethodAccessorImpl.invoke(NativeMethodAccessorImpl.java:77)\n\tat java.base/jdk.internal.reflect.DelegatingMethodAccessorImpl.invoke(DelegatingMethodAccessorImpl.java:43)\n\tat java.base/java.lang.reflect.Method.invoke(Method.java:569)\n\tat org.testng.internal.invokers.MethodInvocationHelper.invokeMethod(MethodInvocationHelper.java:141)\n\tat org.testng.internal.invokers.TestInvoker.invokeMethod(TestInvoker.java:686)\n\tat org.testng.internal.invokers.TestInvoker.invokeTestMethod(TestInvoker.java:230)\n\tat org.testng.internal.invokers.MethodRunner.runInSequence(MethodRunner.java:63)\n\tat org.testng.internal.invokers.TestInvoker$MethodInvocationAgent.invoke(TestInvoker.java:992)\n\tat org.testng.internal.invokers.TestInvoker.invokeTestMethods(TestInvoker.java:203)\n\tat org.testng.internal.invokers.TestMethodWorker.invokeTestMethods(TestMethodWorker.java:154)\n\tat org.testng.internal.invokers.TestMethodWorker.run(TestMethodWorker.java:134)\n\tat java.base/java.util.ArrayList.forEach(ArrayList.java:1511)\n\tat org.testng.TestRunner.privateRun(TestRunner.java:739)\n\tat org.testng.TestRunner.run(TestRunner.java:614)\n\tat org.testng.SuiteRunner.runTest(SuiteRunner.java:421)\n\tat org.testng.SuiteRunner$SuiteWorker.run(SuiteRunner.java:463)\n\tat org.testng.internal.thread.ThreadUtil.lambda$execute$0(ThreadUtil.java:64)\n\tat java.base/java.util.concurrent.FutureTask.run$$$capture(FutureTask.java:264)\n\tat java.base/java.util.concurrent.FutureTask.run(FutureTask.java)\n\tat --- Async.Stack.Trace --- (captured by IntelliJ IDEA debugger)\n\tat java.base/java.util.concurrent.FutureTask.<init>(FutureTask.java:132)\n\tat java.base/java.util.concurrent.AbstractExecutorService.newTaskFor(AbstractExecutorService.java:113)\n\tat java.base/java.util.concurrent.AbstractExecutorService.invokeAll(AbstractExecutorService.java:274)\n\tat org.testng.internal.thread.ThreadUtil.execute(ThreadUtil.java:70)\n\tat org.testng.SuiteRunner.runInParallelTestMode(SuiteRunner.java:442)\n\tat org.testng.SuiteRunner.privateRun(SuiteRunner.java:371)\n\tat org.testng.SuiteRunner.run(SuiteRunner.java:312)\n\tat org.testng.SuiteRunnerWorker.runSuite(SuiteRunnerWorker.java:52)\n\tat org.testng.SuiteRunnerWorker.run(SuiteRunnerWorker.java:95)\n\tat org.testng.TestNG.runSuitesSequentially(TestNG.java:1274)\n\tat org.testng.TestNG.runSuitesLocally(TestNG.java:1208)\n\tat org.testng.TestNG.runSuites(TestNG.java:1112)\n\tat org.testng.TestNG.run(TestNG.java:1079)\n\tat com.intellij.rt.testng.IDEARemoteTestNG.run(IDEARemoteTestNG.java:65)\n\tat com.intellij.rt.testng.RemoteTestNGStarter.main(RemoteTestNGStarter.java:105)\n","duration":26595127000,"status":"failed"},"before":[{"result":{"duration":108000,"status":"passed"},"match":{"location":"test.eq.hooks.Hooks.beforeStep()"}}],"line":9,"name":"the Maker is asked to score \"Admin\" and \"admin123\"","match":{"arguments":[{"val":"\"Admin\"","offset":28},{"val":"\"admin123\"","offset":40}],"location":"test.eq.steps_definition.EQSteps.the_maker_is_asked_to_score(java.lang.String,java.lang.String)"},"after":[{"result":{"duration":1604000,"status":"passed"},"match":{"location":"test.eq.hooks.Hooks.afterStep()"}}],"keyword":"Then "}],"tags":[{"name":"@SmokeTest"}]}],"name":"EQ","description":"","id":"eq","keyword":"Feature","uri":"file:src/test/java/test/eq/scenarios/EQ.feature","tags":[]}]